2026-03-16T15:42:11.608023112Z [inf]  
2026-03-16T15:42:13.324850368Z [inf]  [35m[Region: us-west1][0m
2026-03-16T15:42:13.334455235Z [inf]  [35m=========================
2026-03-16T15:42:13.334485126Z [inf]  Using Detected Dockerfile
2026-03-16T15:42:13.334491745Z [inf]  =========================
2026-03-16T15:42:13.334495051Z [inf]  [0m
2026-03-16T15:42:13.334505642Z [inf]  context: mcjx-HUua
2026-03-16T15:42:13.486469884Z [inf]  [internal] load build definition from Dockerfile
2026-03-16T15:42:13.486533714Z [inf]  [internal] load build definition from Dockerfile
2026-03-16T15:42:13.486559439Z [inf]  [internal] load build definition from Dockerfile
2026-03-16T15:42:13.496094629Z [inf]  [internal] load build definition from Dockerfile
2026-03-16T15:42:13.498069449Z [inf]  [internal] load metadata for docker.io/library/node:20-alpine
2026-03-16T15:42:14.081630514Z [inf]  [internal] load metadata for docker.io/library/node:20-alpine
2026-03-16T15:42:14.081965782Z [inf]  [internal] load .dockerignore
2026-03-16T15:42:14.082004243Z [inf]  [internal] load .dockerignore
2026-03-16T15:42:14.082092592Z [inf]  [internal] load .dockerignore
2026-03-16T15:42:14.090755841Z [inf]  [internal] load .dockerignore
2026-03-16T15:42:14.097444140Z [inf]  [runner  7/13] COPY --from=prod-deps /app/node_modules ./node_modules
2026-03-16T15:42:14.097482157Z [inf]  [prod-deps 4/4] RUN npm ci --omit=dev
2026-03-16T15:42:14.097497246Z [inf]  [deps 3/4] COPY packages/shared/package.json ./packages/shared/
2026-03-16T15:42:14.097508558Z [inf]  [deps 2/4] COPY apps/api/package.json ./apps/api/
2026-03-16T15:42:14.097520277Z [inf]  [deps 1/4] COPY package.json package-lock.json ./
2026-03-16T15:42:14.097533946Z [inf]  [base 1/3] FROM docker.io/library/node:20-alpine@sha256:b88333c42c23fbd91596ebd7fd10de239cedab9617de04142dde7315e3bc0afa
2026-03-16T15:42:14.097542979Z [inf]  [runner  6/13] RUN mkdir -p /app/uploads && chown hiredge:nodejs /app/uploads
2026-03-16T15:42:14.097552081Z [inf]  [runner  5/13] RUN adduser --system --uid 1001 hiredge
2026-03-16T15:42:14.097560352Z [inf]  [runner  4/13] RUN addgroup --system --gid 1001 nodejs
2026-03-16T15:42:14.097584627Z [inf]  [base 3/3] WORKDIR /app
2026-03-16T15:42:14.097614633Z [inf]  [base 2/3] RUN apk add --no-cache openssl
2026-03-16T15:42:14.097624544Z [inf]  [runner  8/13] COPY --from=prod-deps /app/apps/api/node_modules ./apps/api/node_modules
2026-03-16T15:42:14.097632827Z [inf]  [internal] load build context
2026-03-16T15:42:14.097676971Z [inf]  [api-build 6/6] RUN cd apps/api && npm run build
2026-03-16T15:42:14.097683796Z [inf]  [api-build 5/6] RUN cd apps/api && npx prisma generate
2026-03-16T15:42:14.097698050Z [inf]  [api-build 4/6] COPY --from=shared-build /app/packages/shared/dist ./packages/shared/dist
2026-03-16T15:42:14.097703917Z [inf]  [shared-build 3/3] RUN cd packages/shared && npm run build
2026-03-16T15:42:14.097709717Z [inf]  [shared-build 2/3] COPY packages/shared/ ./packages/shared/
2026-03-16T15:42:14.097715072Z [inf]  [api-build 3/6] COPY packages/shared/ ./packages/shared/
2026-03-16T15:42:14.097721134Z [inf]  [api-build 2/6] COPY apps/api/ ./apps/api/
2026-03-16T15:42:14.097726347Z [inf]  [shared-build 1/3] COPY tsconfig.json ./
2026-03-16T15:42:14.097733089Z [inf]  [deps 4/4] RUN npm ci
2026-03-16T15:42:14.097743982Z [inf]  [runner  9/13] COPY --from=api-build /app/node_modules/.prisma ./node_modules/.prisma
2026-03-16T15:42:14.097769936Z [inf]  [runner 13/13] COPY start.sh ./start.sh
2026-03-16T15:42:14.097776318Z [inf]  [runner 12/13] COPY --from=shared-build /app/packages/shared/dist ./node_modules/@hiredge/shared/dist
2026-03-16T15:42:14.097784379Z [inf]  [runner 11/13] COPY --from=shared-build /app/packages/shared ./packages/shared
2026-03-16T15:42:14.097789539Z [inf]  [runner 10/13] COPY --from=api-build /app/apps/api ./apps/api
2026-03-16T15:42:14.097798702Z [inf]  [internal] load build context
2026-03-16T15:42:14.097808457Z [inf]  [internal] load build context
2026-03-16T15:42:14.097813824Z [inf]  [base 1/3] FROM docker.io/library/node:20-alpine@sha256:b88333c42c23fbd91596ebd7fd10de239cedab9617de04142dde7315e3bc0afa
2026-03-16T15:42:14.105353840Z [inf]  [base 1/3] FROM docker.io/library/node:20-alpine@sha256:b88333c42c23fbd91596ebd7fd10de239cedab9617de04142dde7315e3bc0afa
2026-03-16T15:42:14.105590056Z [inf]  [base 1/3] FROM docker.io/library/node:20-alpine@sha256:b88333c42c23fbd91596ebd7fd10de239cedab9617de04142dde7315e3bc0afa
2026-03-16T15:42:14.105675040Z [inf]  [base 1/3] FROM docker.io/library/node:20-alpine@sha256:b88333c42c23fbd91596ebd7fd10de239cedab9617de04142dde7315e3bc0afa
2026-03-16T15:42:14.105947034Z [inf]  [base 1/3] FROM docker.io/library/node:20-alpine@sha256:b88333c42c23fbd91596ebd7fd10de239cedab9617de04142dde7315e3bc0afa
2026-03-16T15:42:14.129470960Z [inf]  [base 1/3] FROM docker.io/library/node:20-alpine@sha256:b88333c42c23fbd91596ebd7fd10de239cedab9617de04142dde7315e3bc0afa
2026-03-16T15:42:14.130961402Z [inf]  [base 1/3] FROM docker.io/library/node:20-alpine@sha256:b88333c42c23fbd91596ebd7fd10de239cedab9617de04142dde7315e3bc0afa
2026-03-16T15:42:14.140270704Z [inf]  [internal] load build context
2026-03-16T15:42:14.658796051Z [inf]  [base 1/3] FROM docker.io/library/node:20-alpine@sha256:b88333c42c23fbd91596ebd7fd10de239cedab9617de04142dde7315e3bc0afa
2026-03-16T15:42:15.558721807Z [inf]  [base 2/3] RUN apk add --no-cache openssl
2026-03-16T15:42:15.985656379Z [inf]  (1/1) Installing openssl (3.5.5-r0)

2026-03-16T15:42:16.002828921Z [inf]  Executing busybox-1.37.0-r30.trigger

2026-03-16T15:42:16.00753824Z [inf]  OK: 11.7 MiB in 19 packages

2026-03-16T15:42:16.376736686Z [inf]  [base 2/3] RUN apk add --no-cache openssl
2026-03-16T15:42:16.377631478Z [inf]  [base 3/3] WORKDIR /app
2026-03-16T15:42:16.396809339Z [inf]  [base 3/3] WORKDIR /app
2026-03-16T15:42:16.397746074Z [inf]  [runner  4/13] RUN addgroup --system --gid 1001 nodejs
2026-03-16T15:42:16.397789581Z [inf]  [deps 1/4] COPY package.json package-lock.json ./
2026-03-16T15:42:16.419473035Z [inf]  [deps 1/4] COPY package.json package-lock.json ./
2026-03-16T15:42:16.420202475Z [inf]  [deps 2/4] COPY apps/api/package.json ./apps/api/
2026-03-16T15:42:16.433861685Z [inf]  [deps 2/4] COPY apps/api/package.json ./apps/api/
2026-03-16T15:42:16.434661486Z [inf]  [deps 3/4] COPY packages/shared/package.json ./packages/shared/
2026-03-16T15:42:16.450162496Z [inf]  [deps 3/4] COPY packages/shared/package.json ./packages/shared/
2026-03-16T15:42:16.451196660Z [inf]  [prod-deps 4/4] RUN npm ci --omit=dev
2026-03-16T15:42:16.451217608Z [inf]  [deps 4/4] RUN npm ci
2026-03-16T15:42:16.528767640Z [inf]  [runner  4/13] RUN addgroup --system --gid 1001 nodejs
2026-03-16T15:42:16.529467424Z [inf]  [runner  5/13] RUN adduser --system --uid 1001 hiredge
2026-03-16T15:42:16.642106254Z [inf]  [runner  5/13] RUN adduser --system --uid 1001 hiredge
2026-03-16T15:42:16.642812375Z [inf]  [runner  6/13] RUN mkdir -p /app/uploads && chown hiredge:nodejs /app/uploads
2026-03-16T15:42:16.779639609Z [inf]  [runner  6/13] RUN mkdir -p /app/uploads && chown hiredge:nodejs /app/uploads
2026-03-16T15:42:30.173075392Z [inf]  
added 572 packages, and audited 577 packages in 14s

2026-03-16T15:42:30.173094335Z [inf]  
86 packages are looking for funding

2026-03-16T15:42:30.173126761Z [inf]    run `npm fund` for details

2026-03-16T15:42:30.177183152Z [inf]  
1 high severity vulnerability

To address all issues (including breaking changes), run:
  npm audit fix --force

Run `npm audit` for details.

2026-03-16T15:42:30.178287776Z [inf]  npm notice
npm notice New major version of npm available! 10.8.2 -> 11.11.1
npm notice Changelog: https://github.com/npm/cli/releases/tag/v11.11.1
npm notice To update run: npm install -g npm@11.11.1
npm notice

2026-03-16T15:42:30.429633481Z [inf]  [prod-deps 4/4] RUN npm ci --omit=dev
2026-03-16T15:42:32.381787766Z [inf]  [runner  7/13] COPY --from=prod-deps /app/node_modules ./node_modules
2026-03-16T15:42:33.43951691Z [inf]  
added 676 packages, and audited 681 packages in 17s

2026-03-16T15:42:33.439564993Z [inf]  
113 packages are looking for funding

2026-03-16T15:42:33.439574734Z [inf]    run `npm fund` for details

2026-03-16T15:42:33.443688748Z [inf]  
1 high severity vulnerability

To address all issues (including breaking changes), run:
  npm audit fix --force

Run `npm audit` for details.

2026-03-16T15:42:33.444916396Z [inf]  npm notice
npm notice New major version of npm available! 10.8.2 -> 11.11.1
npm notice Changelog: https://github.com/npm/cli/releases/tag/v11.11.1
npm notice To update run: npm install -g npm@11.11.1
npm notice

2026-03-16T15:42:33.591159787Z [inf]  [deps 4/4] RUN npm ci
2026-03-16T15:42:33.592055384Z [inf]  [shared-build 1/3] COPY tsconfig.json ./
2026-03-16T15:42:33.802728679Z [inf]  [shared-build 1/3] COPY tsconfig.json ./
2026-03-16T15:42:33.803593117Z [inf]  [api-build 2/6] COPY apps/api/ ./apps/api/
2026-03-16T15:42:33.803616533Z [inf]  [shared-build 2/3] COPY packages/shared/ ./packages/shared/
2026-03-16T15:42:33.820522263Z [inf]  [shared-build 2/3] COPY packages/shared/ ./packages/shared/
2026-03-16T15:42:33.821331322Z [inf]  [shared-build 3/3] RUN cd packages/shared && npm run build
2026-03-16T15:42:33.827469343Z [inf]  [api-build 2/6] COPY apps/api/ ./apps/api/
2026-03-16T15:42:33.828131425Z [inf]  [api-build 3/6] COPY packages/shared/ ./packages/shared/
2026-03-16T15:42:33.841585503Z [inf]  [api-build 3/6] COPY packages/shared/ ./packages/shared/
2026-03-16T15:42:34.030199342Z [inf]  
> @hiredge/shared@0.1.0 build
> tsc


2026-03-16T15:42:34.041049751Z [inf]  [runner  7/13] COPY --from=prod-deps /app/node_modules ./node_modules
2026-03-16T15:42:34.042029715Z [inf]  [runner  8/13] COPY --from=prod-deps /app/apps/api/node_modules ./apps/api/node_modules
2026-03-16T15:42:34.236376208Z [inf]  [runner  8/13] COPY --from=prod-deps /app/apps/api/node_modules ./apps/api/node_modules
2026-03-16T15:42:35.561227558Z [inf]  [shared-build 3/3] RUN cd packages/shared && npm run build
2026-03-16T15:42:35.563888953Z [inf]  [api-build 4/6] COPY --from=shared-build /app/packages/shared/dist ./packages/shared/dist
2026-03-16T15:42:35.575723414Z [inf]  [api-build 4/6] COPY --from=shared-build /app/packages/shared/dist ./packages/shared/dist
2026-03-16T15:42:35.576693472Z [inf]  [api-build 5/6] RUN cd apps/api && npx prisma generate
2026-03-16T15:42:36.706707594Z [inf]  Prisma schema loaded from prisma/schema.prisma

2026-03-16T15:42:37.412729416Z [inf]  
✔ Generated Prisma Client (v5.22.0) to ./../../node_modules/@prisma/client in 244ms

Start by importing your Prisma Client (See: https://pris.ly/d/importing-client)

Tip: Curious about the SQL queries Prisma ORM generates? Optimize helps you enhance your visibility: https://pris.ly/tip-2-optimize


2026-03-16T15:42:37.637432871Z [inf]  [api-build 5/6] RUN cd apps/api && npx prisma generate
2026-03-16T15:42:37.638267957Z [inf]  [api-build 6/6] RUN cd apps/api && npm run build
2026-03-16T15:42:37.849375697Z [inf]  
> @hiredge/api@0.1.0 build
> tsc -p tsconfig.build.json && tsc-alias -p tsconfig.build.json


2026-03-16T15:42:42.092563871Z [inf]  src/services/squad.service.ts(79,15): error TS2552: Cannot find name 'squadId'. Did you mean 'squad'?

2026-03-16T15:42:42.092738841Z [inf]  src/services/squad.service.ts(84,48): error TS2552: Cannot find name 'squadId'. Did you mean 'squad'?

2026-03-16T15:42:42.131428033Z [inf]  npm error Lifecycle script `build` failed with error:

2026-03-16T15:42:42.131961884Z [inf]  npm error code 2

2026-03-16T15:42:42.131991724Z [inf]  npm error path /app/apps/api

2026-03-16T15:42:42.132071398Z [inf]  npm error workspace @hiredge/api@0.1.0

2026-03-16T15:42:42.132076588Z [inf]  npm error location /app/apps/api

2026-03-16T15:42:42.132107055Z [inf]  npm error command failed

2026-03-16T15:42:42.132149029Z [inf]  npm error command sh -c tsc -p tsconfig.build.json && tsc-alias -p tsconfig.build.json

2026-03-16T15:42:42.158678290Z [err]  [api-build 6/6] RUN cd apps/api && npm run build
2026-03-16T15:42:42.172436808Z [err]  Dockerfile:25
2026-03-16T15:42:42.172453470Z [err]  -------------------
2026-03-16T15:42:42.172458018Z [err]  23 |     COPY --from=shared-build /app/packages/shared/dist ./packages/shared/dist
2026-03-16T15:42:42.172462004Z [err]  24 |     RUN cd apps/api && npx prisma generate
2026-03-16T15:42:42.172466290Z [err]  25 | >>> RUN cd apps/api && npm run build
2026-03-16T15:42:42.172469942Z [err]  26 |
2026-03-16T15:42:42.172473504Z [err]  27 |     # Prod dependencies only
2026-03-16T15:42:42.172476926Z [err]  -------------------
2026-03-16T15:42:42.172480756Z [err]  ERROR: failed to build: failed to solve: process "/bin/sh -c cd apps/api && npm run build" did not complete successfully: exit code: 2