2026-03-18T02:58:41.406085559Z [inf]  
2026-03-18T02:58:43.239858631Z [inf]  [35m[Region: us-west1][0m
2026-03-18T02:58:43.250942981Z [inf]  [35m=========================
2026-03-18T02:58:43.250974979Z [inf]  Using Detected Dockerfile
2026-03-18T02:58:43.250980056Z [inf]  =========================
2026-03-18T02:58:43.250984704Z [inf]  [0m
2026-03-18T02:58:43.250996919Z [inf]  context: g45v-AfQ3
2026-03-18T02:58:43.422703035Z [inf]  [internal] load build definition from Dockerfile
2026-03-18T02:58:43.422757911Z [inf]  [internal] load build definition from Dockerfile
2026-03-18T02:58:43.422779676Z [inf]  [internal] load build definition from Dockerfile
2026-03-18T02:58:43.422795074Z [inf]  [internal] load build definition from Dockerfile
2026-03-18T02:58:43.433545700Z [inf]  [internal] load build definition from Dockerfile
2026-03-18T02:58:43.435903405Z [inf]  [internal] load metadata for docker.io/library/node:20-alpine
2026-03-18T02:58:43.569507063Z [inf]  [internal] load metadata for docker.io/library/node:20-alpine
2026-03-18T02:58:43.569779191Z [inf]  [internal] load .dockerignore
2026-03-18T02:58:43.569804051Z [inf]  [internal] load .dockerignore
2026-03-18T02:58:43.570059052Z [inf]  [internal] load .dockerignore
2026-03-18T02:58:43.580748383Z [inf]  [internal] load .dockerignore
2026-03-18T02:58:43.586662075Z [inf]  [runner  7/14] COPY --from=prod-deps /app/node_modules ./node_modules
2026-03-18T02:58:43.586696669Z [inf]  [prod-deps 4/4] RUN npm ci --omit=dev
2026-03-18T02:58:43.586706034Z [inf]  [deps 3/4] COPY packages/shared/package.json ./packages/shared/
2026-03-18T02:58:43.586715617Z [inf]  [internal] load build context
2026-03-18T02:58:43.586723767Z [inf]  [deps 1/4] COPY package.json package-lock.json ./
2026-03-18T02:58:43.586736932Z [inf]  [deps 4/4] RUN npm ci
2026-03-18T02:58:43.586744775Z [inf]  [api-build 2/6] COPY apps/api/ ./apps/api/
2026-03-18T02:58:43.586754520Z [inf]  [runner  5/14] RUN adduser --system --uid 1001 hiredge
2026-03-18T02:58:43.586762133Z [inf]  [runner  4/14] RUN addgroup --system --gid 1001 nodejs
2026-03-18T02:58:43.586773568Z [inf]  [base 3/3] WORKDIR /app
2026-03-18T02:58:43.586780881Z [inf]  [base 2/3] RUN apk add --no-cache openssl
2026-03-18T02:58:43.586787889Z [inf]  [runner  8/14] COPY --from=prod-deps /app/apps/api/node_modules ./apps/api/node_modules
2026-03-18T02:58:43.586795731Z [inf]  [shared-build 1/3] COPY tsconfig.json ./
2026-03-18T02:58:43.586804054Z [inf]  [runner  6/14] RUN mkdir -p /app/uploads && chown hiredge:nodejs /app/uploads
2026-03-18T02:58:43.586810861Z [inf]  [base 1/3] FROM docker.io/library/node:20-alpine@sha256:b88333c42c23fbd91596ebd7fd10de239cedab9617de04142dde7315e3bc0afa
2026-03-18T02:58:43.586820554Z [inf]  [deps 2/4] COPY apps/api/package.json ./apps/api/
2026-03-18T02:58:43.586871284Z [inf]  [runner 14/14] RUN chmod +x start.sh && sed -i 's/\r$//' start.sh
2026-03-18T02:58:43.586879358Z [inf]  [runner 13/14] COPY start.sh ./start.sh
2026-03-18T02:58:43.586887522Z [inf]  [runner 12/14] COPY --from=shared-build /app/packages/shared/dist ./node_modules/@hiredge/shared/dist
2026-03-18T02:58:43.586895951Z [inf]  [runner 11/14] COPY --from=shared-build /app/packages/shared ./packages/shared
2026-03-18T02:58:43.586903548Z [inf]  [runner 10/14] COPY --from=api-build /app/apps/api ./apps/api
2026-03-18T02:58:43.586912765Z [inf]  [runner  9/14] COPY --from=api-build /app/node_modules/.prisma ./node_modules/.prisma
2026-03-18T02:58:43.586923884Z [inf]  [api-build 6/6] RUN cd apps/api && npm run build
2026-03-18T02:58:43.586931167Z [inf]  [api-build 5/6] RUN cd apps/api && npx prisma generate
2026-03-18T02:58:43.586938883Z [inf]  [api-build 4/6] COPY --from=shared-build /app/packages/shared/dist ./packages/shared/dist
2026-03-18T02:58:43.586946188Z [inf]  [shared-build 3/3] RUN cd packages/shared && npm run build
2026-03-18T02:58:43.586953020Z [inf]  [shared-build 2/3] COPY packages/shared/ ./packages/shared/
2026-03-18T02:58:43.586959937Z [inf]  [api-build 3/6] COPY packages/shared/ ./packages/shared/
2026-03-18T02:58:43.587016373Z [inf]  [internal] load build context
2026-03-18T02:58:43.587061709Z [inf]  [base 1/3] FROM docker.io/library/node:20-alpine@sha256:b88333c42c23fbd91596ebd7fd10de239cedab9617de04142dde7315e3bc0afa
2026-03-18T02:58:43.592783240Z [inf]  [base 1/3] FROM docker.io/library/node:20-alpine@sha256:b88333c42c23fbd91596ebd7fd10de239cedab9617de04142dde7315e3bc0afa
2026-03-18T02:58:43.593458515Z [inf]  [base 1/3] FROM docker.io/library/node:20-alpine@sha256:b88333c42c23fbd91596ebd7fd10de239cedab9617de04142dde7315e3bc0afa
2026-03-18T02:58:43.593478009Z [inf]  [internal] load build context
2026-03-18T02:58:43.593493652Z [inf]  [base 2/3] RUN apk add --no-cache openssl
2026-03-18T02:58:43.647165419Z [inf]  [internal] load build context
2026-03-18T02:58:44.155076068Z [inf]  (1/1) Installing openssl (3.5.5-r0)

2026-03-18T02:58:44.17393357Z [inf]  Executing busybox-1.37.0-r30.trigger

2026-03-18T02:58:44.18036135Z [inf]  OK: 11.7 MiB in 19 packages

2026-03-18T02:58:44.226686642Z [inf]  [base 2/3] RUN apk add --no-cache openssl
2026-03-18T02:58:44.227708541Z [inf]  [base 3/3] WORKDIR /app
2026-03-18T02:58:44.240013216Z [inf]  [base 3/3] WORKDIR /app
2026-03-18T02:58:44.241536414Z [inf]  [runner  4/14] RUN addgroup --system --gid 1001 nodejs
2026-03-18T02:58:44.241569999Z [inf]  [deps 1/4] COPY package.json package-lock.json ./
2026-03-18T02:58:44.297021511Z [inf]  [deps 1/4] COPY package.json package-lock.json ./
2026-03-18T02:58:44.298284956Z [inf]  [deps 2/4] COPY apps/api/package.json ./apps/api/
2026-03-18T02:58:44.311314623Z [inf]  [deps 2/4] COPY apps/api/package.json ./apps/api/
2026-03-18T02:58:44.312868876Z [inf]  [deps 3/4] COPY packages/shared/package.json ./packages/shared/
2026-03-18T02:58:44.325501188Z [inf]  [deps 3/4] COPY packages/shared/package.json ./packages/shared/
2026-03-18T02:58:44.327308953Z [inf]  [prod-deps 4/4] RUN npm ci --omit=dev
2026-03-18T02:58:44.327347238Z [inf]  [deps 4/4] RUN npm ci
2026-03-18T02:58:44.329609519Z [inf]  [runner  4/14] RUN addgroup --system --gid 1001 nodejs
2026-03-18T02:58:44.331422621Z [inf]  [runner  5/14] RUN adduser --system --uid 1001 hiredge
2026-03-18T02:58:44.434274638Z [inf]  [runner  5/14] RUN adduser --system --uid 1001 hiredge
2026-03-18T02:58:44.435906670Z [inf]  [runner  6/14] RUN mkdir -p /app/uploads && chown hiredge:nodejs /app/uploads
2026-03-18T02:58:44.531647739Z [inf]  [runner  6/14] RUN mkdir -p /app/uploads && chown hiredge:nodejs /app/uploads
2026-03-18T02:59:03.108991414Z [inf]  
added 587 packages, and audited 592 packages in 19s

2026-03-18T02:59:03.109063425Z [inf]  

2026-03-18T02:59:03.109137311Z [inf]  92 packages are looking for funding
  run `npm fund` for details

2026-03-18T02:59:03.11422449Z [inf]  
1 high severity vulnerability

To address all issues (including breaking changes), run:
  npm audit fix --force

Run `npm audit` for details.

2026-03-18T02:59:03.115667344Z [inf]  npm notice
npm notice New major version of npm available! 10.8.2 -> 11.11.1
npm notice Changelog: https://github.com/npm/cli/releases/tag/v11.11.1
npm notice To update run: npm install -g npm@11.11.1
npm notice

2026-03-18T02:59:03.360391911Z [inf]  [prod-deps 4/4] RUN npm ci --omit=dev
2026-03-18T02:59:06.682866924Z [inf]  [runner  7/14] COPY --from=prod-deps /app/node_modules ./node_modules
2026-03-18T02:59:06.785435235Z [inf]  
added 692 packages, and audited 697 packages in 22s

2026-03-18T02:59:06.785522886Z [inf]  

2026-03-18T02:59:06.785528414Z [inf]  119 packages are looking for funding

2026-03-18T02:59:06.785592219Z [inf]    run `npm fund` for details

2026-03-18T02:59:06.790762146Z [inf]  
1 high severity vulnerability

To address all issues (including breaking changes), run:
  npm audit fix --force

Run `npm audit` for details.

2026-03-18T02:59:06.792330675Z [inf]  npm notice
npm notice New major version of npm available! 10.8.2 -> 11.11.1
npm notice Changelog: https://github.com/npm/cli/releases/tag/v11.11.1
npm notice To update run: npm install -g npm@11.11.1
npm notice

2026-03-18T02:59:07.011490172Z [inf]  [deps 4/4] RUN npm ci
2026-03-18T02:59:07.014119237Z [inf]  [shared-build 1/3] COPY tsconfig.json ./
2026-03-18T02:59:07.330062647Z [inf]  [shared-build 1/3] COPY tsconfig.json ./
2026-03-18T02:59:07.331721484Z [inf]  [api-build 2/6] COPY apps/api/ ./apps/api/
2026-03-18T02:59:07.331775296Z [inf]  [shared-build 2/3] COPY packages/shared/ ./packages/shared/
2026-03-18T02:59:07.354350424Z [inf]  [shared-build 2/3] COPY packages/shared/ ./packages/shared/
2026-03-18T02:59:07.356511652Z [inf]  [shared-build 3/3] RUN cd packages/shared && npm run build
2026-03-18T02:59:07.368194429Z [inf]  [api-build 2/6] COPY apps/api/ ./apps/api/
2026-03-18T02:59:07.370293538Z [inf]  [api-build 3/6] COPY packages/shared/ ./packages/shared/
2026-03-18T02:59:07.404722224Z [inf]  [api-build 3/6] COPY packages/shared/ ./packages/shared/
2026-03-18T02:59:07.710495138Z [inf]  
> @hiredge/shared@0.1.0 build
> tsc


2026-03-18T02:59:11.616400073Z [inf]  [runner  7/14] COPY --from=prod-deps /app/node_modules ./node_modules
2026-03-18T02:59:11.619318876Z [inf]  [runner  8/14] COPY --from=prod-deps /app/apps/api/node_modules ./apps/api/node_modules
2026-03-18T02:59:12.077547907Z [inf]  [runner  8/14] COPY --from=prod-deps /app/apps/api/node_modules ./apps/api/node_modules
2026-03-18T02:59:12.579802942Z [inf]  [shared-build 3/3] RUN cd packages/shared && npm run build
2026-03-18T02:59:13.229326774Z [inf]  [api-build 4/6] COPY --from=shared-build /app/packages/shared/dist ./packages/shared/dist
2026-03-18T02:59:13.346983331Z [inf]  [api-build 4/6] COPY --from=shared-build /app/packages/shared/dist ./packages/shared/dist
2026-03-18T02:59:13.349092247Z [inf]  [api-build 5/6] RUN cd apps/api && npx prisma generate
2026-03-18T02:59:14.734906045Z [inf]  Prisma schema loaded from prisma/schema.prisma

2026-03-18T02:59:16.015440363Z [inf]  
✔ Generated Prisma Client (v5.22.0) to ./../../node_modules/@prisma/client in 470ms

Start by importing your Prisma Client (See: https://pris.ly/d/importing-client)

Help us improve the Prisma ORM for everyone. Share your feedback in a short 2-min survey: https://pris.ly/orm/survey/release-5-22


2026-03-18T02:59:16.280294696Z [inf]  [api-build 5/6] RUN cd apps/api && npx prisma generate
2026-03-18T02:59:16.281961251Z [inf]  [api-build 6/6] RUN cd apps/api && npm run build
2026-03-18T02:59:16.579089011Z [inf]  
> @hiredge/api@0.1.0 build
> tsc -p tsconfig.build.json && tsc-alias -p tsconfig.build.json


2026-03-18T02:59:26.157278468Z [inf]  src/routes/profile.ts(344,71): error TS2353: Object literal may only specify known properties, and 'languages' does not exist in type 'CandidateProfileInclude<DefaultArgs>'.

2026-03-18T02:59:26.157649744Z [inf]  src/workers/scraping.worker.ts(8,7): error TS2451: Cannot redeclare block-scoped variable 'redisInstance'.

2026-03-18T02:59:26.157741827Z [inf]  src/workers/scraping.worker.ts(9,7): error TS2451: Cannot redeclare block-scoped variable 'connection'.
src/workers/scraping.worker.ts(19,7): error TS2451: Cannot redeclare block-scoped variable 'redisInstance'.
src/workers/scraping.worker.ts(20,7): error TS2451: Cannot redeclare block-scoped variable 'connection'.

2026-03-18T02:59:26.209513026Z [inf]  npm error Lifecycle script `build` failed with error:

2026-03-18T02:59:26.210256645Z [inf]  npm error code 2

2026-03-18T02:59:26.210276726Z [inf]  npm error path /app/apps/api

2026-03-18T02:59:26.210483565Z [inf]  npm error workspace @hiredge/api@0.1.0

2026-03-18T02:59:26.210515725Z [inf]  npm error location /app/apps/api

2026-03-18T02:59:26.210601624Z [inf]  npm error command failed

2026-03-18T02:59:26.210705161Z [inf]  npm error command sh -c tsc -p tsconfig.build.json && tsc-alias -p tsconfig.build.json

2026-03-18T02:59:26.568245327Z [err]  [api-build 6/6] RUN cd apps/api && npm run build
2026-03-18T02:59:26.590250846Z [err]  Dockerfile:25
2026-03-18T02:59:26.590319506Z [err]  -------------------
2026-03-18T02:59:26.590329202Z [err]  23 |     COPY --from=shared-build /app/packages/shared/dist ./packages/shared/dist
2026-03-18T02:59:26.590336138Z [err]  24 |     RUN cd apps/api && npx prisma generate
2026-03-18T02:59:26.590460803Z [err]  25 | >>> RUN cd apps/api && npm run build
2026-03-18T02:59:26.590468358Z [err]  26 |
2026-03-18T02:59:26.590481789Z [err]  27 |     # Prod dependencies only
2026-03-18T02:59:26.590488758Z [err]  -------------------
2026-03-18T02:59:26.590496942Z [err]  ERROR: failed to build: failed to solve: process "/bin/sh -c cd apps/api && npm run build" did not complete successfully: exit code: 2