2026-03-17T15:54:07.688312953Z [inf]  
2026-03-17T15:54:09.610493347Z [inf]  [35m[Region: us-west1][0m
2026-03-17T15:54:09.621202717Z [inf]  [35m=========================
2026-03-17T15:54:09.621231371Z [inf]  Using Detected Dockerfile
2026-03-17T15:54:09.621238583Z [inf]  =========================
2026-03-17T15:54:09.621242227Z [inf]  [0m
2026-03-17T15:54:09.621252525Z [inf]  context: 9v02-_X3d
2026-03-17T15:54:10.670138311Z [inf]  [internal] load build definition from Dockerfile
2026-03-17T15:54:10.670185474Z [inf]  [internal] load build definition from Dockerfile
2026-03-17T15:54:10.670201144Z [inf]  [internal] load build definition from Dockerfile
2026-03-17T15:54:11.289247691Z [inf]  [internal] load build definition from Dockerfile
2026-03-17T15:54:15.497614915Z [inf]  [internal] load metadata for docker.io/library/node:20-alpine
2026-03-17T15:54:15.498050946Z [inf]  [internal] load .dockerignore
2026-03-17T15:54:15.498083969Z [inf]  [internal] load .dockerignore
2026-03-17T15:54:15.498099071Z [inf]  [internal] load .dockerignore
2026-03-17T15:54:28.847615591Z [inf]  [internal] load .dockerignore
2026-03-17T15:54:28.858711851Z [inf]  [internal] load build context
2026-03-17T15:54:28.858764313Z [inf]  [base 1/3] FROM docker.io/library/node:20-alpine@sha256:b88333c42c23fbd91596ebd7fd10de239cedab9617de04142dde7315e3bc0afa
2026-03-17T15:54:28.858776387Z [inf]  [runner  5/13] RUN adduser --system --uid 1001 hiredge
2026-03-17T15:54:28.858791588Z [inf]  [api-build 3/6] COPY packages/shared/ ./packages/shared/
2026-03-17T15:54:28.858807141Z [inf]  [runner  8/13] COPY --from=prod-deps /app/apps/api/node_modules ./apps/api/node_modules
2026-03-17T15:54:28.858820444Z [inf]  [runner  4/13] RUN addgroup --system --gid 1001 nodejs
2026-03-17T15:54:28.858831962Z [inf]  [shared-build 2/3] COPY packages/shared/ ./packages/shared/
2026-03-17T15:54:28.858838464Z [inf]  [base 2/3] RUN apk add --no-cache openssl
2026-03-17T15:54:28.858844888Z [inf]  [deps 3/4] COPY packages/shared/package.json ./packages/shared/
2026-03-17T15:54:28.858850924Z [inf]  [api-build 2/6] COPY apps/api/ ./apps/api/
2026-03-17T15:54:28.858859898Z [inf]  [shared-build 1/3] COPY tsconfig.json ./
2026-03-17T15:54:28.858868084Z [inf]  [deps 1/4] COPY package.json package-lock.json ./
2026-03-17T15:54:28.858875499Z [inf]  [runner  6/13] RUN mkdir -p /app/uploads && chown hiredge:nodejs /app/uploads
2026-03-17T15:54:28.858887690Z [inf]  [deps 4/4] RUN npm ci
2026-03-17T15:54:28.858893158Z [inf]  [deps 2/4] COPY apps/api/package.json ./apps/api/
2026-03-17T15:54:28.858901883Z [inf]  [shared-build 3/3] RUN cd packages/shared && npm run build
2026-03-17T15:54:28.858908324Z [inf]  [base 3/3] WORKDIR /app
2026-03-17T15:54:28.858914278Z [inf]  [runner  7/13] COPY --from=prod-deps /app/node_modules ./node_modules
2026-03-17T15:54:28.858922543Z [inf]  [api-build 4/6] COPY --from=shared-build /app/packages/shared/dist ./packages/shared/dist
2026-03-17T15:54:28.858935328Z [inf]  [prod-deps 4/4] RUN npm ci --omit=dev
2026-03-17T15:54:28.858953203Z [inf]  [api-build 6/6] RUN cd apps/api && npm run build
2026-03-17T15:54:28.858961657Z [inf]  [api-build 5/6] RUN cd apps/api && npx prisma generate
2026-03-17T15:54:28.858984912Z [inf]  [runner 13/13] COPY start.sh ./start.sh
2026-03-17T15:54:28.858996999Z [inf]  [runner 12/13] COPY --from=shared-build /app/packages/shared/dist ./node_modules/@hiredge/shared/dist
2026-03-17T15:54:28.859003280Z [inf]  [runner 11/13] COPY --from=shared-build /app/packages/shared ./packages/shared
2026-03-17T15:54:28.859008859Z [inf]  [runner 10/13] COPY --from=api-build /app/apps/api ./apps/api
2026-03-17T15:54:28.859016273Z [inf]  [runner  9/13] COPY --from=api-build /app/node_modules/.prisma ./node_modules/.prisma
2026-03-17T15:54:28.859027681Z [inf]  [internal] load build context
2026-03-17T15:54:28.859041700Z [inf]  [base 1/3] FROM docker.io/library/node:20-alpine@sha256:b88333c42c23fbd91596ebd7fd10de239cedab9617de04142dde7315e3bc0afa
2026-03-17T15:54:28.859054714Z [inf]  [internal] load build context
2026-03-17T15:54:28.865188945Z [inf]  [base 1/3] FROM docker.io/library/node:20-alpine@sha256:b88333c42c23fbd91596ebd7fd10de239cedab9617de04142dde7315e3bc0afa
2026-03-17T15:54:28.961414342Z [inf]  [internal] load build context
2026-03-17T15:54:28.967564334Z [inf]  [base 2/3] RUN apk add --no-cache openssl
2026-03-17T15:54:28.967596057Z [inf]  [base 3/3] WORKDIR /app
2026-03-17T15:54:28.993605583Z [inf]  [base 3/3] WORKDIR /app
2026-03-17T15:54:28.994433017Z [inf]  [runner  4/13] RUN addgroup --system --gid 1001 nodejs
2026-03-17T15:54:28.994456644Z [inf]  [deps 1/4] COPY package.json package-lock.json ./
2026-03-17T15:54:30.928432579Z [inf]  [runner  4/13] RUN addgroup --system --gid 1001 nodejs
2026-03-17T15:54:30.932041638Z [inf]  [runner  5/13] RUN adduser --system --uid 1001 hiredge
2026-03-17T15:54:31.068806802Z [inf]  [deps 1/4] COPY package.json package-lock.json ./
2026-03-17T15:54:31.072829576Z [inf]  [deps 2/4] COPY apps/api/package.json ./apps/api/
2026-03-17T15:54:33.991620906Z [inf]  [deps 2/4] COPY apps/api/package.json ./apps/api/
2026-03-17T15:54:33.998796991Z [inf]  [deps 3/4] COPY packages/shared/package.json ./packages/shared/
2026-03-17T15:54:34.463347723Z [inf]  [deps 4/4] RUN npm ci
2026-03-17T15:54:34.471149242Z [inf]  [runner  5/13] RUN adduser --system --uid 1001 hiredge
2026-03-17T15:54:34.481014946Z [inf]  [runner  6/13] RUN mkdir -p /app/uploads && chown hiredge:nodejs /app/uploads
2026-03-17T15:54:35.056258673Z [inf]  [runner  6/13] RUN mkdir -p /app/uploads && chown hiredge:nodejs /app/uploads
2026-03-17T15:55:07.264938184Z [inf]  
added 579 packages, and audited 584 packages in 33s

2026-03-17T15:55:07.265009459Z [inf]    run `npm fund` for details

2026-03-17T15:55:07.269164708Z [inf]  
1 high severity vulnerability

To address all issues (including breaking changes), run:
  npm audit fix --force

Run `npm audit` for details.

2026-03-17T15:55:07.270325187Z [inf]  npm notice
npm notice New major version of npm available! 10.8.2 -> 11.11.1
npm notice Changelog: https://github.com/npm/cli/releases/tag/v11.11.1
npm notice To update run: npm install -g npm@11.11.1
npm notice

2026-03-17T15:55:10.568644931Z [inf]  
added 684 packages, and audited 689 packages in 36s

2026-03-17T15:55:10.568706506Z [inf]  
118 packages are looking for funding
  run `npm fund` for details

2026-03-17T15:55:10.573310798Z [inf]  
1 high severity vulnerability

To address all issues (including breaking changes), run:
  npm audit fix --force

Run `npm audit` for details.

2026-03-17T15:55:10.574681031Z [inf]  npm notice
npm notice New major version of npm available! 10.8.2 -> 11.11.1
npm notice Changelog: https://github.com/npm/cli/releases/tag/v11.11.1
npm notice To update run: npm install -g npm@11.11.1
npm notice

2026-03-17T15:55:15.567183713Z [inf]  [prod-deps 4/4] RUN npm ci --omit=dev
2026-03-17T15:55:15.578603066Z [inf]  [deps 4/4] RUN npm ci
2026-03-17T15:55:15.583773485Z [inf]  [shared-build 1/3] COPY tsconfig.json ./
2026-03-17T15:55:15.870851936Z [inf]  [shared-build 1/3] COPY tsconfig.json ./
2026-03-17T15:55:15.875513446Z [inf]  [shared-build 2/3] COPY packages/shared/ ./packages/shared/
2026-03-17T15:55:15.875557786Z [inf]  [api-build 2/6] COPY apps/api/ ./apps/api/
2026-03-17T15:55:15.943737386Z [inf]  [api-build 2/6] COPY apps/api/ ./apps/api/
2026-03-17T15:55:15.959037605Z [inf]  [shared-build 2/3] COPY packages/shared/ ./packages/shared/
2026-03-17T15:55:15.965102581Z [inf]  [shared-build 3/3] RUN cd packages/shared && npm run build
2026-03-17T15:55:16.047329784Z [inf]  [api-build 3/6] COPY packages/shared/ ./packages/shared/
2026-03-17T15:55:18.521397187Z [inf]  [runner  7/13] COPY --from=prod-deps /app/node_modules ./node_modules
2026-03-17T15:55:19.186293857Z [inf]  src/i18n/translations.ts(543,5): error TS1117: An object literal cannot have multiple properties with the same name.

2026-03-17T15:55:19.186554287Z [inf]  src/i18n/translations.ts(780,5): error TS1117: An object literal cannot have multiple properties with the same name.
src/i18n/translations.ts(783,5): error TS1117: An object literal cannot have multiple properties with the same name.
src/i18n/translations.ts(1406,5): error TS1117: An object literal cannot have multiple properties with the same name.
src/i18n/translations.ts(1536,5): error TS1117: An object literal cannot have multiple properties with the same name.

2026-03-17T15:55:19.186565162Z [inf]  src/i18n/translations.ts(1543,5): error TS1117: An object literal cannot have multiple properties with the same name.

2026-03-17T15:55:19.186766882Z [inf]  src/i18n/translations.ts(1645,5): error TS1117: An object literal cannot have multiple properties with the same name.
src/i18n/translations.ts(2255,5): error TS1117: An object literal cannot have multiple properties with the same name.
src/i18n/translations.ts(2385,5): error TS1117: An object literal cannot have multiple properties with the same name.

2026-03-17T15:55:19.186788798Z [inf]  src/i18n/translations.ts(2489,5): error TS1117: An object literal cannot have multiple properties with the same name.

2026-03-17T15:55:19.186818447Z [inf]  src/i18n/translations.ts(2492,5): error TS1117: An object literal cannot have multiple properties with the same name.

2026-03-17T15:55:19.186825008Z [inf]  src/i18n/translations.ts(3097,5): error TS1117: An object literal cannot have multiple properties with the same name.

2026-03-17T15:55:19.187024283Z [inf]  src/i18n/translations.ts(3234,5): error TS1117: An object literal cannot have multiple properties with the same name.
src/i18n/translations.ts(3331,5): error TS1117: An object literal cannot have multiple properties with the same name.

2026-03-17T15:55:19.216234087Z [inf]  npm error code 2

2026-03-17T15:55:19.216456937Z [inf]  npm error location /app/packages/shared
npm error command failed

2026-03-17T15:55:19.884893518Z [err]  [shared-build 3/3] RUN cd packages/shared && npm run build
2026-03-17T15:55:21.219343575Z [err]  Dockerfile:16
2026-03-17T15:55:21.219401851Z [err]  14 |     COPY tsconfig.json ./
2026-03-17T15:55:21.219408469Z [err]  15 |     COPY packages/shared/ ./packages/shared/
2026-03-17T15:55:21.219421185Z [err]  17 |
2026-03-17T15:55:21.219427143Z [err]  18 |     # Build API
2026-03-17T15:55:21.219439023Z [err]  ERROR: failed to build: failed to solve: process "/bin/sh -c cd packages/shared && npm run build" did not complete successfully: exit code: 2