2026-03-17T16:54:54.468776184Z [inf]  
2026-03-17T16:54:57.133894868Z [inf]  [35m[Region: us-west1][0m
2026-03-17T16:54:57.147556620Z [inf]  [35m=========================
2026-03-17T16:54:57.147588057Z [inf]  Using Detected Dockerfile
2026-03-17T16:54:57.147592279Z [inf]  =========================
2026-03-17T16:54:57.147595712Z [inf]  [0m
2026-03-17T16:54:57.147609046Z [inf]  context: h88w-hJsE
2026-03-17T16:54:57.284843709Z [inf]  [internal] load build definition from Dockerfile
2026-03-17T16:54:57.284889059Z [inf]  [internal] load build definition from Dockerfile
2026-03-17T16:54:57.284902369Z [inf]  [internal] load build definition from Dockerfile
2026-03-17T16:54:57.291329731Z [inf]  [internal] load build definition from Dockerfile
2026-03-17T16:54:57.294135154Z [inf]  [internal] load metadata for docker.io/library/node:20-alpine
2026-03-17T16:54:57.298671883Z [inf]  [auth] library/node:pull token for registry-1.docker.io
2026-03-17T16:54:57.298715276Z [inf]  [auth] library/node:pull token for registry-1.docker.io
2026-03-17T16:54:57.781121200Z [inf]  [internal] load metadata for docker.io/library/node:20-alpine
2026-03-17T16:54:57.781511367Z [inf]  [internal] load .dockerignore
2026-03-17T16:54:57.781564137Z [inf]  [internal] load .dockerignore
2026-03-17T16:54:57.781708915Z [inf]  [internal] load .dockerignore
2026-03-17T16:54:57.787160714Z [inf]  [internal] load .dockerignore
2026-03-17T16:54:57.794895541Z [inf]  [internal] load build context
2026-03-17T16:54:57.794934987Z [inf]  [base 1/3] FROM docker.io/library/node:20-alpine@sha256:b88333c42c23fbd91596ebd7fd10de239cedab9617de04142dde7315e3bc0afa
2026-03-17T16:54:57.794944620Z [inf]  [runner  5/13] RUN adduser --system --uid 1001 hiredge
2026-03-17T16:54:57.794951464Z [inf]  [api-build 3/6] COPY packages/shared/ ./packages/shared/
2026-03-17T16:54:57.794965872Z [inf]  [runner  8/13] COPY --from=prod-deps /app/apps/api/node_modules ./apps/api/node_modules
2026-03-17T16:54:57.794972213Z [inf]  [runner  4/13] RUN addgroup --system --gid 1001 nodejs
2026-03-17T16:54:57.794977977Z [inf]  [shared-build 2/3] COPY packages/shared/ ./packages/shared/
2026-03-17T16:54:57.794983314Z [inf]  [base 2/3] RUN apk add --no-cache openssl
2026-03-17T16:54:57.794991034Z [inf]  [deps 3/4] COPY packages/shared/package.json ./packages/shared/
2026-03-17T16:54:57.794996890Z [inf]  [api-build 2/6] COPY apps/api/ ./apps/api/
2026-03-17T16:54:57.795002301Z [inf]  [shared-build 1/3] COPY tsconfig.json ./
2026-03-17T16:54:57.795007803Z [inf]  [deps 1/4] COPY package.json package-lock.json ./
2026-03-17T16:54:57.795014673Z [inf]  [runner  6/13] RUN mkdir -p /app/uploads && chown hiredge:nodejs /app/uploads
2026-03-17T16:54:57.795022456Z [inf]  [deps 4/4] RUN npm ci
2026-03-17T16:54:57.795027724Z [inf]  [deps 2/4] COPY apps/api/package.json ./apps/api/
2026-03-17T16:54:57.795032975Z [inf]  [shared-build 3/3] RUN cd packages/shared && npm run build
2026-03-17T16:54:57.795038237Z [inf]  [base 3/3] WORKDIR /app
2026-03-17T16:54:57.795044939Z [inf]  [runner  7/13] COPY --from=prod-deps /app/node_modules ./node_modules
2026-03-17T16:54:57.795050559Z [inf]  [api-build 4/6] COPY --from=shared-build /app/packages/shared/dist ./packages/shared/dist
2026-03-17T16:54:57.795055775Z [inf]  [prod-deps 4/4] RUN npm ci --omit=dev
2026-03-17T16:54:57.795066270Z [inf]  [api-build 5/6] RUN cd apps/api && npx prisma generate
2026-03-17T16:54:57.795101854Z [inf]  [runner 13/13] COPY start.sh ./start.sh
2026-03-17T16:54:57.795108907Z [inf]  [runner 12/13] COPY --from=shared-build /app/packages/shared/dist ./node_modules/@hiredge/shared/dist
2026-03-17T16:54:57.795114285Z [inf]  [runner 11/13] COPY --from=shared-build /app/packages/shared ./packages/shared
2026-03-17T16:54:57.795193753Z [inf]  [runner 10/13] COPY --from=api-build /app/apps/api ./apps/api
2026-03-17T16:54:57.795202139Z [inf]  [runner  9/13] COPY --from=api-build /app/node_modules/.prisma ./node_modules/.prisma
2026-03-17T16:54:57.795209970Z [inf]  [api-build 6/6] RUN cd apps/api && npm run build
2026-03-17T16:54:57.795221464Z [inf]  [internal] load build context
2026-03-17T16:54:57.795232365Z [inf]  [base 1/3] FROM docker.io/library/node:20-alpine@sha256:b88333c42c23fbd91596ebd7fd10de239cedab9617de04142dde7315e3bc0afa
2026-03-17T16:54:57.795243358Z [inf]  [internal] load build context
2026-03-17T16:54:57.841224726Z [inf]  [internal] load build context
2026-03-17T16:54:57.845686148Z [inf]  [base 2/3] RUN apk add --no-cache openssl
2026-03-17T16:54:57.845738909Z [inf]  [base 3/3] WORKDIR /app
2026-03-17T16:54:57.845749535Z [inf]  [deps 1/4] COPY package.json package-lock.json ./
2026-03-17T16:54:57.845755760Z [inf]  [deps 2/4] COPY apps/api/package.json ./apps/api/
2026-03-17T16:54:57.845763136Z [inf]  [deps 3/4] COPY packages/shared/package.json ./packages/shared/
2026-03-17T16:54:57.845769229Z [inf]  [deps 4/4] RUN npm ci
2026-03-17T16:54:57.845775888Z [inf]  [shared-build 1/3] COPY tsconfig.json ./
2026-03-17T16:54:57.845785025Z [inf]  [shared-build 2/3] COPY packages/shared/ ./packages/shared/
2026-03-17T16:54:57.845792315Z [inf]  [shared-build 3/3] RUN cd packages/shared && npm run build
2026-03-17T16:54:57.845804732Z [inf]  [api-build 2/6] COPY apps/api/ ./apps/api/
2026-03-17T16:54:57.889363091Z [inf]  [api-build 2/6] COPY apps/api/ ./apps/api/
2026-03-17T16:54:57.890421455Z [inf]  [api-build 3/6] COPY packages/shared/ ./packages/shared/
2026-03-17T16:54:57.915538802Z [inf]  [api-build 3/6] COPY packages/shared/ ./packages/shared/
2026-03-17T16:54:57.917607899Z [inf]  [api-build 4/6] COPY --from=shared-build /app/packages/shared/dist ./packages/shared/dist
2026-03-17T16:54:57.950279859Z [inf]  [api-build 4/6] COPY --from=shared-build /app/packages/shared/dist ./packages/shared/dist
2026-03-17T16:54:57.951564158Z [inf]  [api-build 5/6] RUN cd apps/api && npx prisma generate
2026-03-17T16:54:59.164769622Z [inf]  Prisma schema loaded from prisma/schema.prisma

2026-03-17T16:55:00.210537895Z [inf]  
✔ Generated Prisma Client (v5.22.0) to ./../../node_modules/@prisma/client in 418ms

Start by importing your Prisma Client (See: https://pris.ly/d/importing-client)

Tip: Need your database queries to be 1000x faster? Accelerate offers you that and more: https://pris.ly/tip-2-accelerate


2026-03-17T16:55:00.539716281Z [inf]  [api-build 5/6] RUN cd apps/api && npx prisma generate
2026-03-17T16:55:00.542235058Z [inf]  [api-build 6/6] RUN cd apps/api && npm run build
2026-03-17T16:55:00.780448687Z [inf]  
> @hiredge/api@0.1.0 build
> tsc -p tsconfig.build.json && tsc-alias -p tsconfig.build.json


2026-03-17T16:55:07.299320463Z [inf]  [api-build 6/6] RUN cd apps/api && npm run build
2026-03-17T16:55:07.801960748Z [inf]  [runner  4/13] RUN addgroup --system --gid 1001 nodejs
2026-03-17T16:55:07.802017985Z [inf]  [runner  5/13] RUN adduser --system --uid 1001 hiredge
2026-03-17T16:55:07.802055324Z [inf]  [runner  6/13] RUN mkdir -p /app/uploads && chown hiredge:nodejs /app/uploads
2026-03-17T16:55:07.802067300Z [inf]  [prod-deps 4/4] RUN npm ci --omit=dev
2026-03-17T16:55:07.802078004Z [inf]  [runner  7/13] COPY --from=prod-deps /app/node_modules ./node_modules
2026-03-17T16:55:07.802085428Z [inf]  [runner  8/13] COPY --from=prod-deps /app/apps/api/node_modules ./apps/api/node_modules
2026-03-17T16:55:07.802091440Z [inf]  [runner  9/13] COPY --from=api-build /app/node_modules/.prisma ./node_modules/.prisma
2026-03-17T16:55:07.802107444Z [inf]  [runner 10/13] COPY --from=api-build /app/apps/api ./apps/api
2026-03-17T16:55:07.955181301Z [inf]  [runner 10/13] COPY --from=api-build /app/apps/api ./apps/api
2026-03-17T16:55:07.956727573Z [inf]  [runner 11/13] COPY --from=shared-build /app/packages/shared ./packages/shared
2026-03-17T16:55:07.979146475Z [inf]  [runner 11/13] COPY --from=shared-build /app/packages/shared ./packages/shared
2026-03-17T16:55:07.980949733Z [inf]  [runner 12/13] COPY --from=shared-build /app/packages/shared/dist ./node_modules/@hiredge/shared/dist
2026-03-17T16:55:07.998587934Z [inf]  [runner 12/13] COPY --from=shared-build /app/packages/shared/dist ./node_modules/@hiredge/shared/dist
2026-03-17T16:55:07.999297429Z [inf]  [runner 13/13] COPY start.sh ./start.sh
2026-03-17T16:55:08.012917877Z [inf]  [runner 13/13] COPY start.sh ./start.sh
2026-03-17T16:55:08.015031569Z [inf]  exporting to docker image format
2026-03-17T16:55:08.015056873Z [inf]  exporting to image
2026-03-17T16:55:09.143193685Z [inf]  importing to docker
2026-03-17T16:55:09.421156925Z [inf]  [auth] sharing credentials for production-us-west2.railway-registry.com
2026-03-17T16:55:09.421196143Z [inf]  [auth] sharing credentials for production-us-west2.railway-registry.com
2026-03-17T16:55:17.969134595Z [inf]  importing to docker
2026-03-17T16:55:32.506141790Z [inf]  [92mBuild time: 35.36 seconds[0m
2026-03-17T16:55:49.230655508Z [inf]  
2026-03-17T16:55:49.230658172Z [inf]  [35m====================
Starting Healthcheck
====================
[0m
2026-03-17T16:55:49.230658715Z [inf]  [37mPath: /health[0m
2026-03-17T16:55:49.230659160Z [inf]  [37mRetry window: 5m0s[0m
2026-03-17T16:55:49.230659638Z [inf]  
2026-03-17T16:55:59.354289323Z [inf]  [93mAttempt #1 failed with service unavailable. Continuing to retry for 4m49s[0m
2026-03-17T16:56:10.407495274Z [inf]  [93mAttempt #2 failed with service unavailable. Continuing to retry for 4m38s[0m
2026-03-17T16:56:22.448583119Z [inf]  [93mAttempt #3 failed with service unavailable. Continuing to retry for 4m26s[0m
2026-03-17T16:56:36.491647728Z [inf]  [93mAttempt #4 failed with service unavailable. Continuing to retry for 4m12s[0m
2026-03-17T16:56:54.576362231Z [inf]  [93mAttempt #5 failed with service unavailable. Continuing to retry for 3m54s[0m
2026-03-17T16:57:20.633662429Z [inf]  [93mAttempt #6 failed with service unavailable. Continuing to retry for 3m28s[0m
2026-03-17T16:58:00.678380046Z [inf]  [93mAttempt #7 failed with service unavailable. Continuing to retry for 2m48s[0m
2026-03-17T16:58:40.747044414Z [inf]  [93mAttempt #8 failed with service unavailable. Continuing to retry for 2m8s[0m
2026-03-17T16:59:20.824483484Z [inf]  [93mAttempt #9 failed with service unavailable. Continuing to retry for 1m28s[0m
2026-03-17T17:00:00.884687421Z [inf]  [93mAttempt #10 failed with service unavailable. Continuing to retry for 48s[0m
2026-03-17T17:00:43.729483097Z [inf]  [93mAttempt #11 failed with service unavailable. Continuing to retry for 5s[0m
2026-03-17T17:00:47.215942520Z [inf]  [91m1/1 replicas never became healthy![0m