2026-03-17T17:25:31.091405120Z [inf]  Running Prisma db push...
2026-03-17T17:25:31.091410045Z [inf]  Prisma schema loaded from prisma/schema.prisma
2026-03-17T17:25:31.096608275Z [inf]  Datasource "db": PostgreSQL database "railway", schema "public" at "postgres.railway.internal:5432"
2026-03-17T17:25:31.245618062Z [inf]  Starting Container
2026-03-17T17:25:31.667171986Z [inf]  
2026-03-17T17:25:31.667183177Z [inf]  The database is already in sync with the Prisma schema.
2026-03-17T17:25:31.688408319Z [inf]  
2026-03-17T17:25:31.711872325Z [inf]  Starting server...
2026-03-17T17:25:36.141742327Z [err]      at Module._load (node:internal/modules/cjs/loader:1091:12)
2026-03-17T17:25:36.141751604Z [err]      at Module.require (node:internal/modules/cjs/loader:1289:19)
2026-03-17T17:25:36.141756612Z [err]      at require (node:internal/modules/helpers:182:18)
2026-03-17T17:25:36.141761323Z [err]      at Object.<anonymous> (/app/apps/api/dist/services/auth.service.js:11:25)
2026-03-17T17:25:36.141765896Z [err]      at Module._compile (node:internal/modules/cjs/loader:1521:14)
2026-03-17T17:25:36.141770271Z [err]  
2026-03-17T17:25:36.141774697Z [err]  Node.js v20.20.1
2026-03-17T17:25:36.141795101Z [err]  /app/node_modules/resend/dist/index.cjs:901
2026-03-17T17:25:36.141798665Z [err]  			if (!this.key) throw new Error("Missing API key. Pass it to the constructor `new Resend(\"re_123\")`");
2026-03-17T17:25:36.141802458Z [err]  			               ^
2026-03-17T17:25:36.141805872Z [err]  
2026-03-17T17:25:36.141809398Z [err]  Error: Missing API key. Pass it to the constructor `new Resend("re_123")`
2026-03-17T17:25:36.141812490Z [err]      at new Resend (/app/node_modules/resend/dist/index.cjs:901:25)
2026-03-17T17:25:36.141815558Z [err]      at Object.<anonymous> (/app/apps/api/dist/services/email.service.js:6:16)
2026-03-17T17:25:36.141818575Z [err]      at Module._compile (node:internal/modules/cjs/loader:1521:14)
2026-03-17T17:25:36.141821522Z [err]      at Module._extensions..js (node:internal/modules/cjs/loader:1623:10)
2026-03-17T17:25:36.141824576Z [err]      at Module.load (node:internal/modules/cjs/loader:1266:32)
2026-03-17T17:25:37.675085341Z [inf]  Running Prisma db push...
2026-03-17T17:25:38.025561332Z [inf]  Prisma schema loaded from prisma/schema.prisma
2026-03-17T17:25:38.122742460Z [inf]  Datasource "db": PostgreSQL database "railway", schema "public" at "postgres.railway.internal:5432"
2026-03-17T17:25:38.516773651Z [inf]  
2026-03-17T17:25:38.516838177Z [inf]  
2026-03-17T17:25:38.516841304Z [inf]  The database is already in sync with the Prisma schema.
2026-03-17T17:25:38.861041381Z [inf]  Starting server...
2026-03-17T17:25:38.861048582Z [inf]  │  https://pris.ly/d/major-version-upgrade                │
2026-03-17T17:25:38.861059180Z [inf]  │    npm i --save-dev prisma@latest                       │
2026-03-17T17:25:38.861059599Z [inf]  │                                                         │
2026-03-17T17:25:38.861067229Z [inf]  ┌─────────────────────────────────────────────────────────┐
2026-03-17T17:25:38.861070928Z [inf]  │  Run the following to update                            │
2026-03-17T17:25:38.861071643Z [inf]  │    npm i @prisma/client@latest                          │
2026-03-17T17:25:38.861074329Z [inf]  │  Update available 5.22.0 -> 7.5.0                       │
2026-03-17T17:25:38.861079498Z [inf]  │                                                         │
2026-03-17T17:25:38.861081309Z [inf]  └─────────────────────────────────────────────────────────┘
2026-03-17T17:25:38.861083580Z [inf]  │  This is a major update - please follow the guide at    │
2026-03-17T17:25:39.151169064Z [err]  			               ^
2026-03-17T17:25:39.151176434Z [err]  
2026-03-17T17:25:39.151180710Z [err]  Error: Missing API key. Pass it to the constructor `new Resend("re_123")`
2026-03-17T17:25:39.151183901Z [err]      at new Resend (/app/node_modules/resend/dist/index.cjs:901:25)
2026-03-17T17:25:39.151187793Z [err]      at Object.<anonymous> (/app/apps/api/dist/services/email.service.js:6:16)
2026-03-17T17:25:39.151191714Z [err]      at Module._compile (node:internal/modules/cjs/loader:1521:14)
2026-03-17T17:25:39.151194609Z [err]      at Module._extensions..js (node:internal/modules/cjs/loader:1623:10)
2026-03-17T17:25:39.151197494Z [err]      at Module.load (node:internal/modules/cjs/loader:1266:32)
2026-03-17T17:25:39.151200526Z [err]      at Module._load (node:internal/modules/cjs/loader:1091:12)
2026-03-17T17:25:39.151205074Z [err]      at Module.require (node:internal/modules/cjs/loader:1289:19)
2026-03-17T17:25:39.151208862Z [err]      at require (node:internal/modules/helpers:182:18)
2026-03-17T17:25:39.151212150Z [err]      at Object.<anonymous> (/app/apps/api/dist/services/auth.service.js:11:25)
2026-03-17T17:25:39.151215385Z [err]      at Module._compile (node:internal/modules/cjs/loader:1521:14)
2026-03-17T17:25:39.151218515Z [err]  
2026-03-17T17:25:39.151222290Z [err]  Node.js v20.20.1
2026-03-17T17:25:39.151233307Z [err]  /app/node_modules/resend/dist/index.cjs:901
2026-03-17T17:25:39.151237260Z [err]  			if (!this.key) throw new Error("Missing API key. Pass it to the constructor `new Resend(\"re_123\")`");
2026-03-17T17:25:41.768597316Z [inf]  Running Prisma db push...
2026-03-17T17:25:42.167658008Z [inf]  Prisma schema loaded from prisma/schema.prisma
2026-03-17T17:25:42.167660872Z [inf]  Datasource "db": PostgreSQL database "railway", schema "public" at "postgres.railway.internal:5432"
2026-03-17T17:25:42.608757815Z [inf]  
2026-03-17T17:25:42.608763292Z [inf]  The database is already in sync with the Prisma schema.
2026-03-17T17:25:42.608766430Z [inf]  
2026-03-17T17:25:42.821096626Z [inf]  Starting server...
2026-03-17T17:25:43.152682324Z [err]  /app/node_modules/resend/dist/index.cjs:901
2026-03-17T17:25:43.152686363Z [err]  			if (!this.key) throw new Error("Missing API key. Pass it to the constructor `new Resend(\"re_123\")`");
2026-03-17T17:25:43.152689726Z [err]  			               ^
2026-03-17T17:25:43.152693054Z [err]  
2026-03-17T17:25:43.152696297Z [err]  Error: Missing API key. Pass it to the constructor `new Resend("re_123")`
2026-03-17T17:25:43.152699480Z [err]      at new Resend (/app/node_modules/resend/dist/index.cjs:901:25)
2026-03-17T17:25:43.152702957Z [err]      at Object.<anonymous> (/app/apps/api/dist/services/email.service.js:6:16)
2026-03-17T17:25:43.152706759Z [err]      at Module._compile (node:internal/modules/cjs/loader:1521:14)
2026-03-17T17:25:43.152710426Z [err]      at Module._extensions..js (node:internal/modules/cjs/loader:1623:10)
2026-03-17T17:25:43.152715357Z [err]      at Module.load (node:internal/modules/cjs/loader:1266:32)
2026-03-17T17:25:43.152719979Z [err]      at Module._load (node:internal/modules/cjs/loader:1091:12)
2026-03-17T17:25:43.152725547Z [err]      at Module.require (node:internal/modules/cjs/loader:1289:19)
2026-03-17T17:25:43.152729624Z [err]      at require (node:internal/modules/helpers:182:18)
2026-03-17T17:25:43.152733502Z [err]      at Object.<anonymous> (/app/apps/api/dist/services/auth.service.js:11:25)
2026-03-17T17:25:43.152737510Z [err]      at Module._compile (node:internal/modules/cjs/loader:1521:14)
2026-03-17T17:25:43.152741269Z [err]  
2026-03-17T17:25:43.152745369Z [err]  Node.js v20.20.1
2026-03-17T17:25:45.213119315Z [inf]  Running Prisma db push...
2026-03-17T17:25:45.565218521Z [inf]  Prisma schema loaded from prisma/schema.prisma
2026-03-17T17:25:45.607305902Z [inf]  Datasource "db": PostgreSQL database "railway", schema "public" at "postgres.railway.internal:5432"
2026-03-17T17:25:46.171555926Z [inf]  
2026-03-17T17:25:46.171561107Z [inf]  The database is already in sync with the Prisma schema.
2026-03-17T17:25:46.171565246Z [inf]  
2026-03-17T17:25:46.433590765Z [inf]  Starting server...
2026-03-17T17:25:48.361899585Z [err]  /app/node_modules/resend/dist/index.cjs:901
2026-03-17T17:25:48.361903254Z [err]  			if (!this.key) throw new Error("Missing API key. Pass it to the constructor `new Resend(\"re_123\")`");
2026-03-17T17:25:48.361906911Z [err]  			               ^
2026-03-17T17:25:48.361910956Z [err]  
2026-03-17T17:25:48.361914311Z [err]  Error: Missing API key. Pass it to the constructor `new Resend("re_123")`
2026-03-17T17:25:48.361917736Z [err]      at new Resend (/app/node_modules/resend/dist/index.cjs:901:25)
2026-03-17T17:25:48.361920923Z [err]      at Object.<anonymous> (/app/apps/api/dist/services/email.service.js:6:16)
2026-03-17T17:25:48.361924130Z [err]      at Module._compile (node:internal/modules/cjs/loader:1521:14)
2026-03-17T17:25:48.361928011Z [err]      at Module._extensions..js (node:internal/modules/cjs/loader:1623:10)
2026-03-17T17:25:48.361930958Z [err]      at Module.load (node:internal/modules/cjs/loader:1266:32)
2026-03-17T17:25:48.361934258Z [err]      at Module._load (node:internal/modules/cjs/loader:1091:12)
2026-03-17T17:25:48.361937771Z [err]      at Module.require (node:internal/modules/cjs/loader:1289:19)
2026-03-17T17:25:48.361941087Z [err]      at require (node:internal/modules/helpers:182:18)
2026-03-17T17:25:48.361944281Z [err]      at Object.<anonymous> (/app/apps/api/dist/services/auth.service.js:11:25)
2026-03-17T17:25:48.361947768Z [err]      at Module._compile (node:internal/modules/cjs/loader:1521:14)
2026-03-17T17:25:48.361950943Z [err]  
2026-03-17T17:25:48.361954559Z [err]  Node.js v20.20.1
2026-03-17T17:25:49.894258407Z [inf]  Running Prisma db push...
2026-03-17T17:25:50.229107096Z [inf]  Prisma schema loaded from prisma/schema.prisma
2026-03-17T17:25:50.230134399Z [inf]  Datasource "db": PostgreSQL database "railway", schema "public" at "postgres.railway.internal:5432"
2026-03-17T17:25:50.704661718Z [inf]  
2026-03-17T17:25:50.704668720Z [inf]  The database is already in sync with the Prisma schema.
2026-03-17T17:25:50.704674097Z [inf]  
2026-03-17T17:25:50.900830480Z [inf]  Starting server...
2026-03-17T17:25:51.359442770Z [err]  /app/node_modules/resend/dist/index.cjs:901
2026-03-17T17:25:51.359484828Z [err]  			if (!this.key) throw new Error("Missing API key. Pass it to the constructor `new Resend(\"re_123\")`");
2026-03-17T17:25:51.359488275Z [err]  			               ^
2026-03-17T17:25:51.359491755Z [err]  
2026-03-17T17:25:51.359494628Z [err]  Error: Missing API key. Pass it to the constructor `new Resend("re_123")`
2026-03-17T17:25:51.359497798Z [err]      at new Resend (/app/node_modules/resend/dist/index.cjs:901:25)
2026-03-17T17:25:51.359500949Z [err]      at Object.<anonymous> (/app/apps/api/dist/services/email.service.js:6:16)
2026-03-17T17:25:51.359504110Z [err]      at Module._compile (node:internal/modules/cjs/loader:1521:14)
2026-03-17T17:25:51.359507384Z [err]      at Module._extensions..js (node:internal/modules/cjs/loader:1623:10)
2026-03-17T17:25:51.359510250Z [err]      at Module.load (node:internal/modules/cjs/loader:1266:32)
2026-03-17T17:25:51.359513168Z [err]      at Module._load (node:internal/modules/cjs/loader:1091:12)
2026-03-17T17:25:51.359515964Z [err]      at Module.require (node:internal/modules/cjs/loader:1289:19)
2026-03-17T17:25:51.359518827Z [err]      at require (node:internal/modules/helpers:182:18)
2026-03-17T17:25:51.359522128Z [err]      at Object.<anonymous> (/app/apps/api/dist/services/auth.service.js:11:25)
2026-03-17T17:25:51.359525302Z [err]      at Module._compile (node:internal/modules/cjs/loader:1521:14)
2026-03-17T17:25:51.359529165Z [err]  
2026-03-17T17:25:51.359532787Z [err]  Node.js v20.20.1
2026-03-17T17:25:53.909928546Z [inf]  Running Prisma db push...
2026-03-17T17:25:54.364509707Z [inf]  Prisma schema loaded from prisma/schema.prisma
2026-03-17T17:25:54.364514516Z [inf]  Datasource "db": PostgreSQL database "railway", schema "public" at "postgres.railway.internal:5432"
2026-03-17T17:25:54.675541452Z [inf]  
2026-03-17T17:25:54.675546944Z [inf]  The database is already in sync with the Prisma schema.
2026-03-17T17:25:54.676122059Z [inf]  
2026-03-17T17:25:55.113929039Z [inf]  Starting server...
2026-03-17T17:25:55.328581584Z [err]      at Module._extensions..js (node:internal/modules/cjs/loader:1623:10)
2026-03-17T17:25:55.328590768Z [err]      at Module.load (node:internal/modules/cjs/loader:1266:32)
2026-03-17T17:25:55.328596112Z [err]      at Module._load (node:internal/modules/cjs/loader:1091:12)
2026-03-17T17:25:55.328600478Z [err]      at Module.require (node:internal/modules/cjs/loader:1289:19)
2026-03-17T17:25:55.328605103Z [err]      at require (node:internal/modules/helpers:182:18)
2026-03-17T17:25:55.328609893Z [err]      at Object.<anonymous> (/app/apps/api/dist/services/auth.service.js:11:25)
2026-03-17T17:25:55.328615256Z [err]      at Module._compile (node:internal/modules/cjs/loader:1521:14)
2026-03-17T17:25:55.328620893Z [err]  
2026-03-17T17:25:55.328625902Z [err]  Node.js v20.20.1
2026-03-17T17:25:55.328652844Z [err]  /app/node_modules/resend/dist/index.cjs:901
2026-03-17T17:25:55.328655652Z [err]  			if (!this.key) throw new Error("Missing API key. Pass it to the constructor `new Resend(\"re_123\")`");
2026-03-17T17:25:55.328658416Z [err]  			               ^
2026-03-17T17:25:55.328661185Z [err]  
2026-03-17T17:25:55.328664005Z [err]  Error: Missing API key. Pass it to the constructor `new Resend("re_123")`
2026-03-17T17:25:55.328667385Z [err]      at new Resend (/app/node_modules/resend/dist/index.cjs:901:25)
2026-03-17T17:25:55.328670743Z [err]      at Object.<anonymous> (/app/apps/api/dist/services/email.service.js:6:16)
2026-03-17T17:25:55.328673390Z [err]      at Module._compile (node:internal/modules/cjs/loader:1521:14)
2026-03-17T17:25:57.540545839Z [inf]  Running Prisma db push...
2026-03-17T17:25:57.867599935Z [inf]  Prisma schema loaded from prisma/schema.prisma
2026-03-17T17:25:57.867604755Z [inf]  Datasource "db": PostgreSQL database "railway", schema "public" at "postgres.railway.internal:5432"
2026-03-17T17:25:58.823313705Z [inf]  
2026-03-17T17:25:58.823325714Z [inf]  The database is already in sync with the Prisma schema.
2026-03-17T17:25:58.823349987Z [inf]  
2026-03-17T17:25:59.209991434Z [inf]  Starting server...
2026-03-17T17:26:00.180665472Z [err]  Node.js v20.20.1
2026-03-17T17:26:00.180672969Z [err]  /app/node_modules/resend/dist/index.cjs:901
2026-03-17T17:26:00.180678782Z [err]  			if (!this.key) throw new Error("Missing API key. Pass it to the constructor `new Resend(\"re_123\")`");
2026-03-17T17:26:00.180683714Z [err]  			               ^
2026-03-17T17:26:00.180686975Z [err]  
2026-03-17T17:26:00.180690300Z [err]  Error: Missing API key. Pass it to the constructor `new Resend("re_123")`
2026-03-17T17:26:00.180693301Z [err]      at new Resend (/app/node_modules/resend/dist/index.cjs:901:25)
2026-03-17T17:26:00.180696962Z [err]      at Object.<anonymous> (/app/apps/api/dist/services/email.service.js:6:16)
2026-03-17T17:26:00.180702713Z [err]      at Module._compile (node:internal/modules/cjs/loader:1521:14)
2026-03-17T17:26:00.180705990Z [err]      at Module._extensions..js (node:internal/modules/cjs/loader:1623:10)
2026-03-17T17:26:00.180709236Z [err]      at Module.load (node:internal/modules/cjs/loader:1266:32)
2026-03-17T17:26:00.180712959Z [err]      at Module._load (node:internal/modules/cjs/loader:1091:12)
2026-03-17T17:26:00.180715816Z [err]      at Module.require (node:internal/modules/cjs/loader:1289:19)
2026-03-17T17:26:00.180718936Z [err]      at require (node:internal/modules/helpers:182:18)
2026-03-17T17:26:00.180721645Z [err]      at Object.<anonymous> (/app/apps/api/dist/services/auth.service.js:11:25)
2026-03-17T17:26:00.180724283Z [err]      at Module._compile (node:internal/modules/cjs/loader:1521:14)
2026-03-17T17:26:00.180729080Z [err]  
2026-03-17T17:26:02.452749928Z [inf]  Running Prisma db push...
2026-03-17T17:26:02.783267268Z [inf]  Prisma schema loaded from prisma/schema.prisma
2026-03-17T17:26:02.783274095Z [inf]  Datasource "db": PostgreSQL database "railway", schema "public" at "postgres.railway.internal:5432"
2026-03-17T17:26:03.342371094Z [inf]  
2026-03-17T17:26:03.342380000Z [inf]  The database is already in sync with the Prisma schema.
2026-03-17T17:26:03.342383949Z [inf]  
2026-03-17T17:26:03.755085625Z [inf]  Starting server...
2026-03-17T17:26:04.643261001Z [err]      at Object.<anonymous> (/app/apps/api/dist/services/email.service.js:6:16)
2026-03-17T17:26:04.643267706Z [err]      at Module._compile (node:internal/modules/cjs/loader:1521:14)
2026-03-17T17:26:04.643274272Z [err]  /app/node_modules/resend/dist/index.cjs:901
2026-03-17T17:26:04.643280231Z [err]      at Module._extensions..js (node:internal/modules/cjs/loader:1623:10)
2026-03-17T17:26:04.643282531Z [err]  			if (!this.key) throw new Error("Missing API key. Pass it to the constructor `new Resend(\"re_123\")`");
2026-03-17T17:26:04.643286346Z [err]      at Module.load (node:internal/modules/cjs/loader:1266:32)
2026-03-17T17:26:04.643288681Z [err]  			               ^
2026-03-17T17:26:04.643293538Z [err]      at Module._load (node:internal/modules/cjs/loader:1091:12)
2026-03-17T17:26:04.643293791Z [err]  
2026-03-17T17:26:04.643300001Z [err]  Error: Missing API key. Pass it to the constructor `new Resend("re_123")`
2026-03-17T17:26:04.643300871Z [err]      at Module.require (node:internal/modules/cjs/loader:1289:19)
2026-03-17T17:26:04.643305665Z [err]      at new Resend (/app/node_modules/resend/dist/index.cjs:901:25)
2026-03-17T17:26:04.643307339Z [err]      at require (node:internal/modules/helpers:182:18)
2026-03-17T17:26:04.643310282Z [err]      at Object.<anonymous> (/app/apps/api/dist/services/auth.service.js:11:25)
2026-03-17T17:26:04.643314805Z [err]      at Module._compile (node:internal/modules/cjs/loader:1521:14)
2026-03-17T17:26:04.643318528Z [err]  
2026-03-17T17:26:04.643321834Z [err]  Node.js v20.20.1
2026-03-17T17:26:06.936327041Z [inf]  Running Prisma db push...
2026-03-17T17:26:07.340165358Z [inf]  Prisma schema loaded from prisma/schema.prisma
2026-03-17T17:26:07.340169932Z [inf]  Datasource "db": PostgreSQL database "railway", schema "public" at "postgres.railway.internal:5432"
2026-03-17T17:26:07.772273459Z [inf]  
2026-03-17T17:26:07.772277073Z [inf]  The database is already in sync with the Prisma schema.
2026-03-17T17:26:07.772280161Z [inf]  
2026-03-17T17:26:08.329966970Z [inf]  Starting server...
2026-03-17T17:26:09.923856655Z [err]      at Module.require (node:internal/modules/cjs/loader:1289:19)
2026-03-17T17:26:09.923864595Z [err]      at require (node:internal/modules/helpers:182:18)
2026-03-17T17:26:09.923870723Z [err]  /app/node_modules/resend/dist/index.cjs:901
2026-03-17T17:26:09.923871145Z [err]      at Object.<anonymous> (/app/apps/api/dist/services/auth.service.js:11:25)
2026-03-17T17:26:09.923876934Z [err]  			if (!this.key) throw new Error("Missing API key. Pass it to the constructor `new Resend(\"re_123\")`");
2026-03-17T17:26:09.923879231Z [err]      at Module._compile (node:internal/modules/cjs/loader:1521:14)
2026-03-17T17:26:09.923882920Z [err]  			               ^
2026-03-17T17:26:09.923887080Z [err]  
2026-03-17T17:26:09.923889034Z [err]  
2026-03-17T17:26:09.923894309Z [err]  Node.js v20.20.1
2026-03-17T17:26:09.923895388Z [err]  Error: Missing API key. Pass it to the constructor `new Resend("re_123")`
2026-03-17T17:26:09.923900295Z [err]      at new Resend (/app/node_modules/resend/dist/index.cjs:901:25)
2026-03-17T17:26:09.923903688Z [err]      at Object.<anonymous> (/app/apps/api/dist/services/email.service.js:6:16)
2026-03-17T17:26:09.923906859Z [err]      at Module._compile (node:internal/modules/cjs/loader:1521:14)
2026-03-17T17:26:09.923909724Z [err]      at Module._extensions..js (node:internal/modules/cjs/loader:1623:10)
2026-03-17T17:26:09.923912836Z [err]      at Module.load (node:internal/modules/cjs/loader:1266:32)
2026-03-17T17:26:09.923915836Z [err]      at Module._load (node:internal/modules/cjs/loader:1091:12)
2026-03-17T17:26:12.962956527Z [inf]  Running Prisma db push...
2026-03-17T17:26:13.307060893Z [inf]  Prisma schema loaded from prisma/schema.prisma
2026-03-17T17:26:13.307066422Z [inf]  Datasource "db": PostgreSQL database "railway", schema "public" at "postgres.railway.internal:5432"
2026-03-17T17:26:13.932044317Z [inf]  
2026-03-17T17:26:13.932047552Z [inf]  The database is already in sync with the Prisma schema.
2026-03-17T17:26:13.932050301Z [inf]  
2026-03-17T17:26:14.128752740Z [inf]  Starting server...
2026-03-17T17:26:14.998264346Z [err]      at Module._compile (node:internal/modules/cjs/loader:1521:14)
2026-03-17T17:26:14.998272303Z [err]      at Module._extensions..js (node:internal/modules/cjs/loader:1623:10)
2026-03-17T17:26:14.998276674Z [err]      at Module.load (node:internal/modules/cjs/loader:1266:32)
2026-03-17T17:26:14.998279981Z [err]      at Module._load (node:internal/modules/cjs/loader:1091:12)
2026-03-17T17:26:14.998283027Z [err]      at Module.require (node:internal/modules/cjs/loader:1289:19)
2026-03-17T17:26:14.998286731Z [err]      at require (node:internal/modules/helpers:182:18)
2026-03-17T17:26:14.998291400Z [err]      at Object.<anonymous> (/app/apps/api/dist/services/auth.service.js:11:25)
2026-03-17T17:26:14.998295089Z [err]      at Module._compile (node:internal/modules/cjs/loader:1521:14)
2026-03-17T17:26:14.998299050Z [err]  
2026-03-17T17:26:14.998302875Z [err]  Node.js v20.20.1
2026-03-17T17:26:14.998314111Z [err]  /app/node_modules/resend/dist/index.cjs:901
2026-03-17T17:26:14.998318020Z [err]  			if (!this.key) throw new Error("Missing API key. Pass it to the constructor `new Resend(\"re_123\")`");
2026-03-17T17:26:14.998321460Z [err]  			               ^
2026-03-17T17:26:14.998325195Z [err]  
2026-03-17T17:26:14.998329086Z [err]  Error: Missing API key. Pass it to the constructor `new Resend("re_123")`
2026-03-17T17:26:14.998332912Z [err]      at new Resend (/app/node_modules/resend/dist/index.cjs:901:25)
2026-03-17T17:26:14.998337216Z [err]      at Object.<anonymous> (/app/apps/api/dist/services/email.service.js:6:16)
2026-03-17T17:26:16.862434851Z [inf]  Running Prisma db push...
2026-03-17T17:26:17.236465333Z [inf]  Prisma schema loaded from prisma/schema.prisma
2026-03-17T17:26:17.236468926Z [inf]  Datasource "db": PostgreSQL database "railway", schema "public" at "postgres.railway.internal:5432"
2026-03-17T17:26:17.714849869Z [inf]  
2026-03-17T17:26:17.714853078Z [inf]  The database is already in sync with the Prisma schema.
2026-03-17T17:26:17.714856209Z [inf]  
2026-03-17T17:26:17.886034713Z [inf]  Starting server...
2026-03-17T17:26:18.656684247Z [err]  Error: Missing API key. Pass it to the constructor `new Resend("re_123")`
2026-03-17T17:26:18.656692504Z [err]      at new Resend (/app/node_modules/resend/dist/index.cjs:901:25)
2026-03-17T17:26:18.656696499Z [err]      at Object.<anonymous> (/app/apps/api/dist/services/email.service.js:6:16)
2026-03-17T17:26:18.656703553Z [err]      at Module._compile (node:internal/modules/cjs/loader:1521:14)
2026-03-17T17:26:18.656704944Z [err]  /app/node_modules/resend/dist/index.cjs:901
2026-03-17T17:26:18.656708002Z [err]  			if (!this.key) throw new Error("Missing API key. Pass it to the constructor `new Resend(\"re_123\")`");
2026-03-17T17:26:18.656713097Z [err]  			               ^
2026-03-17T17:26:18.656713739Z [err]      at Module._extensions..js (node:internal/modules/cjs/loader:1623:10)
2026-03-17T17:26:18.656718424Z [err]  
2026-03-17T17:26:18.656720177Z [err]      at Module.load (node:internal/modules/cjs/loader:1266:32)
2026-03-17T17:26:18.656724748Z [err]      at Module._load (node:internal/modules/cjs/loader:1091:12)
2026-03-17T17:26:18.656727898Z [err]      at Module.require (node:internal/modules/cjs/loader:1289:19)
2026-03-17T17:26:18.656732129Z [err]      at require (node:internal/modules/helpers:182:18)
2026-03-17T17:26:18.656735291Z [err]      at Object.<anonymous> (/app/apps/api/dist/services/auth.service.js:11:25)
2026-03-17T17:26:18.656738112Z [err]      at Module._compile (node:internal/modules/cjs/loader:1521:14)
2026-03-17T17:26:18.656741776Z [err]  
2026-03-17T17:26:18.656745026Z [err]  Node.js v20.20.1